<?xml version="1.0" encoding="UTF-8"?>
<!-- Generated by org.testng.reporters.JUnitXMLReporter -->
<testsuite hostname="MacBook-Pro-de-David.local" name="Default test" tests="2" failures="0" timestamp="29 Jun 2016 00:12:52 GMT" time="6.727" errors="0">
  <testcase name="activeScanTest" time="2.067" classname="org.uag.netsim.core.layer.mac.MacLayerNodeTest"/>
  <testcase name="energyDetectionScanTest" time="2.023" classname="org.uag.netsim.core.layer.mac.MacLayerNodeTest"/>
</testsuite> <!-- Default test -->
