<?xml version="1.0" encoding="UTF-8"?>
<!-- Generated by org.testng.reporters.JUnitXMLReporter -->
<testsuite hostname="MacBook-Pro-de-David.local" name="Default test" tests="2" failures="0" timestamp="24 Jun 2016 18:47:56 GMT" time="2.642" errors="0">
  <testcase name="increaseEnergyLevelTest" time="0.014" classname="org.uag.netsim.core.layer.phy.PhyLayerNodeTest"/>
  <testcase name="test" time="0.01" classname="org.uag.netsim.core.layer.phy.PhyLayerNodeTest"/>
</testsuite> <!-- Default test -->
