<?xml version="1.0" encoding="UTF-8"?>
<testng-results skipped="0" failed="0" total="1" passed="1">
  <reporter-output>
  </reporter-output>
  <suite name="Default suite" duration-ms="48677" started-at="2016-05-13T01:51:28Z" finished-at="2016-05-13T01:52:16Z">
    <groups>
    </groups>
    <test name="Default test" duration-ms="48677" started-at="2016-05-13T01:51:28Z" finished-at="2016-05-13T01:52:16Z">
      <class name="org.uag.netsim.core.layer.app.AppLayerNodeTest">
        <test-method status="PASS" signature="springTestContextBeforeTestClass()[pri:0, instance:org.uag.netsim.core.layer.app.AppLayerNodeTest@5b239d7d]" name="springTestContextBeforeTestClass" is-config="true" duration-ms="20" started-at="2016-05-12T20:51:28Z" finished-at="2016-05-12T20:51:28Z">
          <reporter-output>
          </reporter-output>
        </test-method> <!-- springTestContextBeforeTestClass -->
        <test-method status="PASS" signature="springTestContextPrepareTestInstance()[pri:0, instance:org.uag.netsim.core.layer.app.AppLayerNodeTest@5b239d7d]" name="springTestContextPrepareTestInstance" is-config="true" duration-ms="1635" started-at="2016-05-12T20:51:28Z" depends-on-methods="org.springframework.test.context.testng.AbstractTestNGSpringContextTests.springTestContextBeforeTestClass" finished-at="2016-05-12T20:51:29Z">
          <reporter-output>
          </reporter-output>
        </test-method> <!-- springTestContextPrepareTestInstance -->
        <test-method status="PASS" signature="springTestContextBeforeTestMethod(java.lang.reflect.Method)[pri:0, instance:org.uag.netsim.core.layer.app.AppLayerNodeTest@5b239d7d]" name="springTestContextBeforeTestMethod" is-config="true" duration-ms="2" started-at="2016-05-12T20:51:29Z" finished-at="2016-05-12T20:51:29Z">
          <params>
            <param index="0">
              <value>
                <![CDATA[public void org.uag.netsim.core.layer.app.AppLayerNodeTest.test() throws java.lang.Exception]]>
              </value>
            </param>
          </params>
          <reporter-output>
          </reporter-output>
        </test-method> <!-- springTestContextBeforeTestMethod -->
        <test-method status="PASS" signature="test()[pri:0, instance:org.uag.netsim.core.layer.app.AppLayerNodeTest@5b239d7d]" name="test" duration-ms="46994" started-at="2016-05-12T20:51:29Z" finished-at="2016-05-12T20:52:16Z">
          <reporter-output>
          </reporter-output>
        </test-method> <!-- test -->
        <test-method status="PASS" signature="springTestContextAfterTestMethod(java.lang.reflect.Method)[pri:0, instance:org.uag.netsim.core.layer.app.AppLayerNodeTest@5b239d7d]" name="springTestContextAfterTestMethod" is-config="true" duration-ms="2" started-at="2016-05-12T20:52:16Z" finished-at="2016-05-12T20:52:16Z">
          <params>
            <param index="0">
              <value>
                <![CDATA[public void org.uag.netsim.core.layer.app.AppLayerNodeTest.test() throws java.lang.Exception]]>
              </value>
            </param>
          </params>
          <reporter-output>
          </reporter-output>
        </test-method> <!-- springTestContextAfterTestMethod -->
        <test-method status="PASS" signature="destroyTest()[pri:0, instance:org.uag.netsim.core.layer.app.AppLayerNodeTest@5b239d7d]" name="destroyTest" is-config="true" duration-ms="0" started-at="2016-05-12T20:52:16Z" finished-at="2016-05-12T20:52:16Z">
          <reporter-output>
          </reporter-output>
        </test-method> <!-- destroyTest -->
        <test-method status="PASS" signature="springTestContextAfterTestClass()[pri:0, instance:org.uag.netsim.core.layer.app.AppLayerNodeTest@5b239d7d]" name="springTestContextAfterTestClass" is-config="true" duration-ms="1" started-at="2016-05-12T20:52:16Z" finished-at="2016-05-12T20:52:16Z">
          <reporter-output>
          </reporter-output>
        </test-method> <!-- springTestContextAfterTestClass -->
      </class> <!-- org.uag.netsim.core.layer.app.AppLayerNodeTest -->
    </test> <!-- Default test -->
  </suite> <!-- Default suite -->
</testng-results>
