<?xml version="1.0" encoding="UTF-8"?>
<testng-results skipped="0" failed="0" total="1" passed="1">
  <reporter-output>
  </reporter-output>
  <suite name="Default suite" duration-ms="21053" started-at="2016-06-15T02:10:15Z" finished-at="2016-06-15T02:10:36Z">
    <groups>
    </groups>
    <test name="Default test" duration-ms="21053" started-at="2016-06-15T02:10:15Z" finished-at="2016-06-15T02:10:36Z">
      <class name="org.uag.netsim.core.layer.app.client.AppLayerClientTest">
        <test-method status="PASS" signature="springTestContextBeforeTestClass()[pri:0, instance:org.uag.netsim.core.layer.app.client.AppLayerClientTest@8c3b9d]" name="springTestContextBeforeTestClass" is-config="true" duration-ms="15" started-at="2016-06-14T21:10:15Z" finished-at="2016-06-14T21:10:15Z">
          <reporter-output>
          </reporter-output>
        </test-method> <!-- springTestContextBeforeTestClass -->
        <test-method status="PASS" signature="springTestContextPrepareTestInstance()[pri:0, instance:org.uag.netsim.core.layer.app.client.AppLayerClientTest@8c3b9d]" name="springTestContextPrepareTestInstance" is-config="true" duration-ms="589" started-at="2016-06-14T21:10:15Z" depends-on-methods="org.springframework.test.context.testng.AbstractTestNGSpringContextTests.springTestContextBeforeTestClass" finished-at="2016-06-14T21:10:15Z">
          <reporter-output>
          </reporter-output>
        </test-method> <!-- springTestContextPrepareTestInstance -->
        <test-method status="PASS" signature="springTestContextBeforeTestMethod(java.lang.reflect.Method)[pri:0, instance:org.uag.netsim.core.layer.app.client.AppLayerClientTest@8c3b9d]" name="springTestContextBeforeTestMethod" is-config="true" duration-ms="3" started-at="2016-06-14T21:10:15Z" finished-at="2016-06-14T21:10:15Z">
          <params>
            <param index="0">
              <value>
                <![CDATA[public void org.uag.netsim.core.layer.app.client.AppLayerClientTest.test() throws java.lang.Exception]]>
              </value>
            </param>
          </params>
          <reporter-output>
          </reporter-output>
        </test-method> <!-- springTestContextBeforeTestMethod -->
        <test-method status="PASS" signature="test()[pri:0, instance:org.uag.netsim.core.layer.app.client.AppLayerClientTest@8c3b9d]" name="test" duration-ms="20424" started-at="2016-06-14T21:10:15Z" finished-at="2016-06-14T21:10:36Z">
          <reporter-output>
          </reporter-output>
        </test-method> <!-- test -->
        <test-method status="PASS" signature="springTestContextAfterTestMethod(java.lang.reflect.Method)[pri:0, instance:org.uag.netsim.core.layer.app.client.AppLayerClientTest@8c3b9d]" name="springTestContextAfterTestMethod" is-config="true" duration-ms="0" started-at="2016-06-14T21:10:36Z" finished-at="2016-06-14T21:10:36Z">
          <params>
            <param index="0">
              <value>
                <![CDATA[public void org.uag.netsim.core.layer.app.client.AppLayerClientTest.test() throws java.lang.Exception]]>
              </value>
            </param>
          </params>
          <reporter-output>
          </reporter-output>
        </test-method> <!-- springTestContextAfterTestMethod -->
        <test-method status="PASS" signature="springTestContextAfterTestClass()[pri:0, instance:org.uag.netsim.core.layer.app.client.AppLayerClientTest@8c3b9d]" name="springTestContextAfterTestClass" is-config="true" duration-ms="1" started-at="2016-06-14T21:10:36Z" finished-at="2016-06-14T21:10:36Z">
          <reporter-output>
          </reporter-output>
        </test-method> <!-- springTestContextAfterTestClass -->
      </class> <!-- org.uag.netsim.core.layer.app.client.AppLayerClientTest -->
    </test> <!-- Default test -->
  </suite> <!-- Default suite -->
</testng-results>
